<?xml version="1.0" encoding="UTF-8" ?>
<testsuite tests="14" failures="0" name="edu.pitt.cs.cs1632.RunCucumberTest" time="0.54" errors="0" skipped="0">
  <properties>
    <property name="java.runtime.name" value="Java(TM) SE Runtime Environment"/>
    <property name="sun.boot.library.path" value="/Library/Internet Plug-Ins/JavaAppletPlugin.plugin/Contents/Home/lib"/>
    <property name="java.vm.version" value="25.231-b11"/>
    <property name="gopherProxySet" value="false"/>
    <property name="java.vm.vendor" value="Oracle Corporation"/>
    <property name="maven.multiModuleProjectDirectory" value="/Users/sakuraxiao/desktop/CS1632/Exercise 2 Supplementary/supplementary-exercise-2-yuliang-and-yunjie"/>
    <property name="java.vendor.url" value="http://java.oracle.com/"/>
    <property name="path.separator" value=":"/>
    <property name="guice.disable.misplaced.annotation.check" value="true"/>
    <property name="java.vm.name" value="Java HotSpot(TM) 64-Bit Server VM"/>
    <property name="file.encoding.pkg" value="sun.io"/>
    <property name="user.country" value="US"/>
    <property name="sun.java.launcher" value="SUN_STANDARD"/>
    <property name="sun.os.patch.level" value="unknown"/>
    <property name="java.vm.specification.name" value="Java Virtual Machine Specification"/>
    <property name="user.dir" value="/Users/sakuraxiao/Desktop/CS1632/Exercise 2 Supplementary/supplementary-exercise-2-yuliang-and-yunjie"/>
    <property name="java.runtime.version" value="1.8.0_231-b11"/>
    <property name="java.awt.graphicsenv" value="sun.awt.CGraphicsEnvironment"/>
    <property name="java.endorsed.dirs" value="/Library/Internet Plug-Ins/JavaAppletPlugin.plugin/Contents/Home/lib/endorsed"/>
    <property name="os.arch" value="x86_64"/>
    <property name="java.io.tmpdir" value="/var/folders/yf/d5djp3n11bg4_hhjghvb0rqh0000gn/T/"/>
    <property name="line.separator" value="
"/>
    <property name="java.vm.specification.vendor" value="Oracle Corporation"/>
    <property name="os.name" value="Mac OS X"/>
    <property name="classworlds.conf" value="/Users/sakuraxiao/Desktop/apache-maven-3.8.1/bin/m2.conf"/>
    <property name="sun.jnu.encoding" value="UTF-8"/>
    <property name="java.library.path" value="/Users/sakuraxiao/Library/Java/Extensions:/Library/Java/Extensions:/Network/Library/Java/Extensions:/System/Library/Java/Extensions:/usr/lib/java:."/>
    <property name="maven.conf" value="/Users/sakuraxiao/Desktop/apache-maven-3.8.1/conf"/>
    <property name="java.specification.name" value="Java Platform API Specification"/>
    <property name="java.class.version" value="52.0"/>
    <property name="sun.management.compiler" value="HotSpot 64-Bit Tiered Compilers"/>
    <property name="os.version" value="10.16"/>
    <property name="library.jansi.path" value="/Users/sakuraxiao/Desktop/apache-maven-3.8.1/lib/jansi-native"/>
    <property name="user.home" value="/Users/sakuraxiao"/>
    <property name="user.timezone" value="America/New_York"/>
    <property name="java.awt.printerjob" value="sun.lwawt.macosx.CPrinterJob"/>
    <property name="java.specification.version" value="1.8"/>
    <property name="file.encoding" value="UTF-8"/>
    <property name="user.name" value="sakuraxiao"/>
    <property name="java.class.path" value="/Users/sakuraxiao/Desktop/apache-maven-3.8.1/boot/plexus-classworlds-2.6.0.jar"/>
    <property name="java.vm.specification.version" value="1.8"/>
    <property name="sun.arch.data.model" value="64"/>
    <property name="java.home" value="/Library/Internet Plug-Ins/JavaAppletPlugin.plugin/Contents/Home"/>
    <property name="sun.java.command" value="org.codehaus.plexus.classworlds.launcher.Launcher test"/>
    <property name="java.specification.vendor" value="Oracle Corporation"/>
    <property name="user.language" value="en"/>
    <property name="awt.toolkit" value="sun.lwawt.macosx.LWCToolkit"/>
    <property name="java.vm.info" value="mixed mode"/>
    <property name="java.version" value="1.8.0_231"/>
    <property name="java.ext.dirs" value="/Users/sakuraxiao/Library/Java/Extensions:/Library/Internet Plug-Ins/JavaAppletPlugin.plugin/Contents/Home/lib/ext:/Library/Java/Extensions:/Network/Library/Java/Extensions:/System/Library/Java/Extensions:/usr/lib/java"/>
    <property name="sun.boot.class.path" value="/Library/Internet Plug-Ins/JavaAppletPlugin.plugin/Contents/Home/lib/resources.jar:/Library/Internet Plug-Ins/JavaAppletPlugin.plugin/Contents/Home/lib/rt.jar:/Library/Internet Plug-Ins/JavaAppletPlugin.plugin/Contents/Home/lib/sunrsasign.jar:/Library/Internet Plug-Ins/JavaAppletPlugin.plugin/Contents/Home/lib/jsse.jar:/Library/Internet Plug-Ins/JavaAppletPlugin.plugin/Contents/Home/lib/jce.jar:/Library/Internet Plug-Ins/JavaAppletPlugin.plugin/Contents/Home/lib/charsets.jar:/Library/Internet Plug-Ins/JavaAppletPlugin.plugin/Contents/Home/lib/jfr.jar:/Library/Internet Plug-Ins/JavaAppletPlugin.plugin/Contents/Home/classes"/>
    <property name="java.vendor" value="Oracle Corporation"/>
    <property name="maven.home" value="/Users/sakuraxiao/Desktop/apache-maven-3.8.1"/>
    <property name="file.separator" value="/"/>
    <property name="java.vendor.url.bug" value="http://bugreport.sun.com/bugreport/"/>
    <property name="sun.cpu.endian" value="little"/>
    <property name="sun.io.unicode.encoding" value="UnicodeBig"/>
    <property name="sun.cpu.isalist" value=""/>
  </properties>
  <testcase classname="Rent-A-Cat listing" name="List available cats with no cats" time="0.232"/>
  <testcase classname="Rent-A-Cat listing" name="List available cats with 1 cat" time="0.018"/>
  <testcase classname="Rent-A-Cat listing" name="List available cats with 2 cats" time="0.054"/>
  <testcase classname="Rent-A-Cat listing" name="List available cats with 3 cats" time="0.037"/>
  <testcase classname="Rent-A-Cat renting" name="Attempt to rent a cat that does not exist" time="0.016"/>
  <testcase classname="Rent-A-Cat renting" name="Attempt to rent the same cat twice" time="0.027"/>
  <testcase classname="Rent-A-Cat renting" name="Rent the first cat out of the list of cats" time="0.017"/>
  <testcase classname="Rent-A-Cat renting" name="Rent the last cat out of the list of cats" time="0.031"/>
  <testcase classname="Rent-A-Cat renting" name="Rent a middling cat out of the list of cats" time="0.026"/>
  <testcase classname="Rent-A-Cat returning" name="Attempt to return a cat that does not exist" time="0.012"/>
  <testcase classname="Rent-A-Cat returning" name="Rent a cat and attempt to return the same cat twice" time="0.02"/>
  <testcase classname="Rent-A-Cat returning" name="Rent the first cat and then return the first cat" time="0.02"/>
  <testcase classname="Rent-A-Cat returning" name="Rent the last cat and then return the last cat" time="0.013"/>
  <testcase classname="Rent-A-Cat returning" name="Rent a middling cat and then return that cat" time="0.017"/>
</testsuite>